<?xml version="1.0" encoding="UTF-8"?>
<!-- Generated by org.testng.reporters.JUnitReportReporter -->
<testsuite skipped="0" hostname="smruti-ThinkPad-T420" name="webapp.testcases.Contact" tests="1" failures="0" timestamp="18 Jun 2019 09:27:35 GMT" time="16.304" errors="0">
  <testcase name="verifycontact" time="16.304" classname="webapp.testcases.Contact"/>
</testsuite> <!-- webapp.testcases.Contact -->
