<?xml version="1.0" encoding="UTF-8"?>
<!-- Generated by org.testng.reporters.JUnitReportReporter -->
<testsuite skipped="0" hostname="smruti-ThinkPad-T420" name="webapp.testcases.location" tests="1" failures="0" timestamp="24 Jun 2019 10:46:33 GMT" time="29.390" errors="0">
  <testcase name="verifyvalidlocation" time="29.390" classname="webapp.testcases.location"/>
</testsuite> <!-- webapp.testcases.location -->
