<?xml version="1.0" encoding="UTF-8"?>
<!-- Generated by org.testng.reporters.JUnitReportReporter -->
<testsuite skipped="0" hostname="smruti-ThinkPad-T420" name="webapp.testcases.Contact" tests="1" failures="0" timestamp="25 Jun 2019 07:28:40 GMT" time="17.065" errors="0">
  <testcase name="verifycontact" time="17.065" classname="webapp.testcases.Contact"/>
</testsuite> <!-- webapp.testcases.Contact -->
