<?xml version="1.0" encoding="UTF-8"?>
<!-- Generated by org.testng.reporters.JUnitReportReporter -->
<testsuite skipped="0" hostname="smruti-ThinkPad-T420" name="webapp.testcases.location" tests="1" failures="0" timestamp="11 Jun 2019 12:39:11 GMT" time="9.439" errors="0">
  <testcase name="verifyvalidlocation" time="9.439" classname="webapp.testcases.location"/>
</testsuite> <!-- webapp.testcases.location -->
