<?xml version="1.0" encoding="UTF-8"?>
<!-- Generated by org.testng.reporters.JUnitReportReporter -->
<testsuite skipped="0" hostname="smruti-ThinkPad-T420" name="webapp.testcases.pack" tests="1" failures="0" timestamp="18 Jun 2019 09:28:34 GMT" time="17.053" errors="0">
  <testcase name="verifypack" time="17.053" classname="webapp.testcases.pack"/>
</testsuite> <!-- webapp.testcases.pack -->
