<?xml version="1.0" encoding="UTF-8"?>
<!-- Generated by org.testng.reporters.JUnitReportReporter -->
<testsuite skipped="0" hostname="smruti-ThinkPad-T420" name="webapp.testcases.quick" tests="1" failures="0" timestamp="18 Jun 2019 09:28:34 GMT" time="7.512" errors="0">
  <testcase name="verifyquick" time="7.512" classname="webapp.testcases.quick"/>
</testsuite> <!-- webapp.testcases.quick -->
