<?xml version="1.0" encoding="UTF-8"?>
<!-- Generated by org.testng.reporters.JUnitReportReporter -->
<testsuite skipped="0" hostname="smruti-ThinkPad-T420" name="webapp.testcases.Contact" tests="1" failures="0" timestamp="11 Jun 2019 12:39:11 GMT" time="18.899" errors="0">
  <testcase name="verifycontact" time="18.899" classname="webapp.testcases.Contact"/>
</testsuite> <!-- webapp.testcases.Contact -->
