<?xml version="1.0" encoding="UTF-8"?>
<!-- Generated by org.testng.reporters.JUnitReportReporter -->
<testsuite skipped="0" hostname="smruti-ThinkPad-T420" name="webapp.testcases.location" tests="1" failures="0" timestamp="18 Jun 2019 05:41:17 GMT" time="43.382" errors="0">
  <testcase name="verifyvalidlocation" time="43.382" classname="webapp.testcases.location"/>
</testsuite> <!-- webapp.testcases.location -->
